Info: Starting: Create block symbol file (.bsf)
Info: ip-generate --project-directory=C:/Users/VíctorCésar/PBLSD1/ --output-directory=C:/Users/VíctorCésar/PBLSD1/nios/ --report-file=bsf:C:/Users/VíctorCésar/PBLSD1/nios.bsf --system-info=DEVICE_FAMILY="Cyclone IV E" --system-info=DEVICE=EP4CE30F23C7 --system-info=DEVICE_SPEEDGRADE=7 --component-file=C:/Users/VíctorCésar/PBLSD1/nios.qsys
Progress: Loading PBLSD1/nios.qsys
Progress: Reading input file
Progress: Adding clk_0 [clock_source 13.0]
Progress: Parameterizing module clk_0
Progress: Adding nios2_qsys_0 [altera_nios2_qsys 13.0]
Progress: Parameterizing module nios2_qsys_0
Progress: Adding onchip_memory2_0 [altera_avalon_onchip_memory2 13.0.1.99.2]
Progress: Parameterizing module onchip_memory2_0
Progress: Adding pio_0 [altera_avalon_pio 13.0.1.99.2]
Progress: Parameterizing module pio_0
Progress: Adding pio_1 [altera_avalon_pio 13.0.1.99.2]
Progress: Parameterizing module pio_1
Progress: Adding jtag_uart_0 [altera_avalon_jtag_uart 13.0.1.99.2]
Progress: Parameterizing module jtag_uart_0
Progress: Adding pio_2 [altera_avalon_pio 13.0.1.99.2]
Progress: Parameterizing module pio_2
Progress: Adding LCD2_0 [LCD2 1.0]
Progress: Parameterizing module LCD2_0
Progress: Building connections
Progress: Parameterizing connections
Progress: Validating
Progress: Done reading input file
Info: nios.pio_1: PIO inputs are not hardwired in test bench. Undefined values will be read from PIO inputs during simulation.
Warning: nios.LCD2_0: LCD2_0.conduit_end must be exported, or connected to a matching conduit.
Info: ip-generate succeeded.
Info: Finished: Create block symbol file (.bsf)
Info: 
Info: Starting: Create HDL design files for synthesis
Info: ip-generate --project-directory=C:/Users/VíctorCésar/PBLSD1/ --output-directory=C:/Users/VíctorCésar/PBLSD1/nios/synthesis/ --file-set=QUARTUS_SYNTH --report-file=sopcinfo:C:/Users/VíctorCésar/PBLSD1/nios.sopcinfo --report-file=html:C:/Users/VíctorCésar/PBLSD1/nios.html --report-file=qip:C:/Users/VíctorCésar/PBLSD1/nios/synthesis/nios.qip --report-file=cmp:C:/Users/VíctorCésar/PBLSD1/nios.cmp --report-file=svd --system-info=DEVICE_FAMILY="Cyclone IV E" --system-info=DEVICE=EP4CE30F23C7 --system-info=DEVICE_SPEEDGRADE=7 --component-file=C:/Users/VíctorCésar/PBLSD1/nios.qsys --language=VERILOG
Progress: Loading PBLSD1/nios.qsys
Progress: Reading input file
Progress: Adding clk_0 [clock_source 13.0]
Progress: Parameterizing module clk_0
Progress: Adding nios2_qsys_0 [altera_nios2_qsys 13.0]
Progress: Parameterizing module nios2_qsys_0
Progress: Adding onchip_memory2_0 [altera_avalon_onchip_memory2 13.0.1.99.2]
Progress: Parameterizing module onchip_memory2_0
Progress: Adding pio_0 [altera_avalon_pio 13.0.1.99.2]
Progress: Parameterizing module pio_0
Progress: Adding pio_1 [altera_avalon_pio 13.0.1.99.2]
Progress: Parameterizing module pio_1
Progress: Adding jtag_uart_0 [altera_avalon_jtag_uart 13.0.1.99.2]
Progress: Parameterizing module jtag_uart_0
Progress: Adding pio_2 [altera_avalon_pio 13.0.1.99.2]
Progress: Parameterizing module pio_2
Progress: Adding LCD2_0 [LCD2 1.0]
Progress: Parameterizing module LCD2_0
Progress: Building connections
Progress: Parameterizing connections
Progress: Validating
Progress: Done reading input file
Info: nios.pio_1: PIO inputs are not hardwired in test bench. Undefined values will be read from PIO inputs during simulation.
Warning: nios.LCD2_0: LCD2_0.conduit_end must be exported, or connected to a matching conduit.
Info: nios: Generating nios "nios" for QUARTUS_SYNTH
Info: pipeline_bridge_swap_transform: After transform: 8 modules, 32 connections
Info: merlin_custom_instruction_transform: After transform: 11 modules, 35 connections
Info: merlin_translator_transform: After transform: 19 modules, 67 connections
Info: merlin_domain_transform: After transform: 34 modules, 163 connections
Info: merlin_router_transform: After transform: 42 modules, 195 connections
Info: merlin_traffic_limiter_transform: After transform: 44 modules, 205 connections
Info: reset_adaptation_transform: After transform: 45 modules, 162 connections
Info: merlin_network_to_switch_transform: After transform: 60 modules, 202 connections
Info: limiter_update_transform: After transform: 60 modules, 204 connections
Info: merlin_mm_transform: After transform: 60 modules, 204 connections
Info: merlin_interrupt_mapper_transform: After transform: 61 modules, 207 connections
Warning: nios: "No matching role found for nios2_qsys_0_custom_instruction_master_translator:ci_slave:ci_slave_result (result)"
Warning: nios: "No matching role found for nios2_qsys_0_custom_instruction_master_multi_xconnect:ci_slave:ci_slave_ipending (ipending)"
Warning: nios: "No matching role found for nios2_qsys_0_custom_instruction_master_multi_xconnect:ci_slave:ci_slave_estatus (estatus)"
Warning: nios: "No matching role found for nios2_qsys_0_custom_instruction_master_multi_slave_translator0:ci_master:ci_master_result (result)"
Warning: nios: "No matching role found for nios2_qsys_0_custom_instruction_master_multi_slave_translator0:ci_master:ci_master_reset (reset)"
Warning: nios: "No matching role found for rst_controller:reset_out:reset_req (reset_req)"
Warning: nios: "No matching role found for rst_controller:reset_out:reset_req (reset_req)"
Warning: nios: "No matching role found for rst_controller:reset_out:reset_req (reset_req)"
Warning: nios: "No matching role found for rst_controller:reset_out:reset_req (reset_req)"
Warning: nios: "No matching role found for rst_controller:reset_out:reset_req (reset_req)"
Warning: nios: "No matching role found for rst_controller:reset_out:reset_req (reset_req)"
Warning: nios: "No matching role found for rst_controller:reset_out:reset_req (reset_req)"
Warning: nios: "No matching role found for rst_controller:reset_out:reset_req (reset_req)"
Warning: nios: "No matching role found for rst_controller:reset_out:reset_req (reset_req)"
Warning: nios: "No matching role found for rst_controller:reset_out:reset_req (reset_req)"
Warning: nios: "No matching role found for rst_controller:reset_out:reset_req (reset_req)"
Warning: nios: "No matching role found for rst_controller:reset_out:reset_req (reset_req)"
Warning: nios: "No matching role found for rst_controller:reset_out:reset_req (reset_req)"
Warning: nios: "No matching role found for rst_controller:reset_out:reset_req (reset_req)"
Warning: nios: "No matching role found for rst_controller:reset_out:reset_req (reset_req)"
Warning: nios: "No matching role found for rst_controller:reset_out:reset_req (reset_req)"
Warning: nios: "No matching role found for rst_controller:reset_out:reset_req (reset_req)"
Warning: nios: "No matching role found for rst_controller:reset_out:reset_req (reset_req)"
Warning: nios: "No matching role found for rst_controller:reset_out:reset_req (reset_req)"
Warning: nios: "No matching role found for rst_controller:reset_out:reset_req (reset_req)"
Warning: nios: "No matching role found for rst_controller:reset_out:reset_req (reset_req)"
Warning: nios: "No matching role found for rst_controller:reset_out:reset_req (reset_req)"
Warning: nios: "No matching role found for rst_controller:reset_out:reset_req (reset_req)"
Warning: nios: "No matching role found for rst_controller:reset_out:reset_req (reset_req)"
Warning: nios: "No matching role found for rst_controller:reset_out:reset_req (reset_req)"
Warning: nios: "No matching role found for rst_controller:reset_out:reset_req (reset_req)"
Warning: nios: "No matching role found for rst_controller:reset_out:reset_req (reset_req)"
Warning: nios: "No matching role found for rst_controller:reset_out:reset_req (reset_req)"
Warning: nios: "No matching role found for rst_controller:reset_out:reset_req (reset_req)"
Warning: nios: "No matching role found for rst_controller:reset_out:reset_req (reset_req)"
Warning: nios: "No matching role found for rst_controller:reset_out:reset_req (reset_req)"
Warning: nios: "No matching role found for rst_controller:reset_out:reset_req (reset_req)"
Warning: nios: "No matching role found for rst_controller:reset_out:reset_req (reset_req)"
Warning: nios: "No matching role found for rst_controller:reset_out:reset_req (reset_req)"
Warning: nios: "No matching role found for rst_controller:reset_out:reset_req (reset_req)"
Warning: nios: "No matching role found for rst_controller:reset_out:reset_req (reset_req)"
Warning: nios: "No matching role found for rst_controller:reset_out:reset_req (reset_req)"
Warning: nios: "No matching role found for rst_controller:reset_out:reset_req (reset_req)"
Warning: nios: "No matching role found for rst_controller:reset_out:reset_req (reset_req)"
Warning: nios: "No matching role found for rst_controller:reset_out:reset_req (reset_req)"
Warning: nios: "No matching role found for rst_controller:reset_out:reset_req (reset_req)"
Warning: nios: "No matching role found for rst_controller:reset_out:reset_req (reset_req)"
Warning: nios: "No matching role found for rst_controller:reset_out:reset_req (reset_req)"
Warning: nios: "No matching role found for rst_controller:reset_out:reset_req (reset_req)"
Warning: nios: "No matching role found for rst_controller:reset_out:reset_req (reset_req)"
Warning: nios: "No matching role found for rst_controller:reset_out:reset_req (reset_req)"
Warning: nios: "No matching role found for rst_controller:reset_out:reset_req (reset_req)"
Warning: nios: "No matching role found for rst_controller:reset_out:reset_req (reset_req)"
Warning: nios: "No matching role found for rst_controller:reset_out:reset_req (reset_req)"
Warning: nios: "No matching role found for rst_controller:reset_out:reset_req (reset_req)"
Warning: nios: "No matching role found for rst_controller:reset_out:reset_req (reset_req)"
Warning: nios: "No matching role found for rst_controller:reset_out:reset_req (reset_req)"
Warning: nios: "No matching role found for rst_controller:reset_out:reset_req (reset_req)"
Warning: nios: "No matching role found for rst_controller:reset_out:reset_req (reset_req)"
Info: nios2_qsys_0: Starting RTL generation for module 'nios_nios2_qsys_0'
Info: nios2_qsys_0:   Generation command is [exec C:/altera/13.0sp1/quartus/../ip/altera/nios2_ip/altera_nios2/eperl.exe -I C:/altera/13.0sp1/quartus/common/ip/altera/common/perl/5.8.3 -I C:/altera/13.0sp1/quartus/sopc_builder/bin/europa -I C:/altera/13.0sp1/quartus/sopc_builder/bin/perl_lib -I C:/altera/13.0sp1/quartus/sopc_builder/bin -I C:/altera/13.0sp1/quartus/../ip/altera/nios2_ip/altera_nios2/cpu_lib -I C:/altera/13.0sp1/quartus/../ip/altera/nios2_ip/altera_nios2/nios_lib -I C:/altera/13.0sp1/quartus/../ip/altera/nios2_ip/altera_nios2 -I C:/altera/13.0sp1/quartus/../ip/altera/nios2_ip/altera_nios2 -- C:/altera/13.0sp1/quartus/../ip/altera/nios2_ip/altera_nios2/generate_rtl.epl --name=nios_nios2_qsys_0 --dir=C:/Users/VCTORC~1/AppData/Local/Temp/alt8066_4960684206036246003.dir/0008_nios2_qsys_0_gen/ --quartus_dir=C:/altera/13.0sp1/quartus --verilog --config=C:/Users/VCTORC~1/AppData/Local/Temp/alt8066_4960684206036246003.dir/0008_nios2_qsys_0_gen//nios_nios2_qsys_0_processor_configuration.pl  --do_build_sim=0    --bogus  ]
Info: nios2_qsys_0: # 2019.06.19 10:33:24 (*) Starting Nios II generation
Info: nios2_qsys_0: # 2019.06.19 10:33:24 (*)   Checking for plaintext license.
Info: nios2_qsys_0: # 2019.06.19 10:33:26 (*)   Couldn't query license setup in Quartus directory C:/altera/13.0sp1/quartus
Info: nios2_qsys_0: # 2019.06.19 10:33:26 (*)   Defaulting to contents of LM_LICENSE_FILE environment variable
Info: nios2_qsys_0: # 2019.06.19 10:33:26 (*)   LM_LICENSE_FILE environment variable is empty
Info: nios2_qsys_0: # 2019.06.19 10:33:26 (*)   Plaintext license not found.
Info: nios2_qsys_0: # 2019.06.19 10:33:26 (*)   Checking for encrypted license (non-evaluation).
Info: nios2_qsys_0: # 2019.06.19 10:33:27 (*)   Couldn't query license setup in Quartus directory C:/altera/13.0sp1/quartus
Info: nios2_qsys_0: # 2019.06.19 10:33:27 (*)   Defaulting to contents of LM_LICENSE_FILE environment variable
Info: nios2_qsys_0: # 2019.06.19 10:33:27 (*)   LM_LICENSE_FILE environment variable is empty
Info: nios2_qsys_0: # 2019.06.19 10:33:27 (*)   Encrypted license not found.  Defaulting to OCP evaluation license (produces a time-limited SOF)
Info: nios2_qsys_0: # 2019.06.19 10:33:27 (*)   Elaborating CPU configuration settings
Info: nios2_qsys_0: # 2019.06.19 10:33:27 (*)   Creating all objects for CPU
Info: nios2_qsys_0: # 2019.06.19 10:33:27 (*)     Testbench
Info: nios2_qsys_0: # 2019.06.19 10:33:27 (*)     Instruction decoding
Info: nios2_qsys_0: # 2019.06.19 10:33:27 (*)       Instruction fields
Info: nios2_qsys_0: # 2019.06.19 10:33:28 (*)       Instruction decodes
Info: nios2_qsys_0: # 2019.06.19 10:33:29 (*)       Signals for RTL simulation waveforms
Info: nios2_qsys_0: # 2019.06.19 10:33:29 (*)       Instruction controls
Info: nios2_qsys_0: # 2019.06.19 10:33:29 (*)     Pipeline frontend
Info: nios2_qsys_0: # 2019.06.19 10:33:29 (*)     Pipeline backend
Info: nios2_qsys_0: # 2019.06.19 10:33:34 (*)   Generating RTL from CPU objects
Info: nios2_qsys_0: # 2019.06.19 10:33:40 (*)   Creating encrypted RTL
Info: nios2_qsys_0: # 2019.06.19 10:33:43 (*) Done Nios II generation
Info: nios2_qsys_0: Done RTL generation for module 'nios_nios2_qsys_0'
Info: nios2_qsys_0: "nios" instantiated altera_nios2_qsys "nios2_qsys_0"
Info: onchip_memory2_0: Starting RTL generation for module 'nios_onchip_memory2_0'
Info: onchip_memory2_0:   Generation command is [exec C:/altera/13.0sp1/quartus/bin/perl/bin/perl.exe -I C:/altera/13.0sp1/quartus/common/ip/altera/common/perl/5.8.3 -I C:/altera/13.0sp1/quartus/sopc_builder/bin/europa -I C:/altera/13.0sp1/quartus/sopc_builder/bin/perl_lib -I C:/altera/13.0sp1/quartus/sopc_builder/bin -I C:/altera/13.0sp1/quartus/../ip/altera/sopc_builder_ip/common -I C:/altera/13.0sp1/quartus/../ip/altera/sopc_builder_ip/altera_avalon_onchip_memory2 -- C:/altera/13.0sp1/quartus/../ip/altera/sopc_builder_ip/altera_avalon_onchip_memory2/generate_rtl.pl --name=nios_onchip_memory2_0 --dir=C:/Users/VCTORC~1/AppData/Local/Temp/alt8066_4960684206036246003.dir/0009_onchip_memory2_0_gen/ --quartus_dir=C:/altera/13.0sp1/quartus --verilog --config=C:/Users/VCTORC~1/AppData/Local/Temp/alt8066_4960684206036246003.dir/0009_onchip_memory2_0_gen//nios_onchip_memory2_0_component_configuration.pl  --do_build_sim=0  ]
Info: onchip_memory2_0: Done RTL generation for module 'nios_onchip_memory2_0'
Info: onchip_memory2_0: "nios" instantiated altera_avalon_onchip_memory2 "onchip_memory2_0"
Info: pio_0: Starting RTL generation for module 'nios_pio_0'
Info: pio_0:   Generation command is [exec C:/altera/13.0sp1/quartus/bin/perl/bin/perl.exe -I C:/altera/13.0sp1/quartus/common/ip/altera/common/perl/5.8.3 -I C:/altera/13.0sp1/quartus/sopc_builder/bin/europa -I C:/altera/13.0sp1/quartus/sopc_builder/bin/perl_lib -I C:/altera/13.0sp1/quartus/sopc_builder/bin -I C:/altera/13.0sp1/quartus/../ip/altera/sopc_builder_ip/common -I C:/altera/13.0sp1/quartus/../ip/altera/sopc_builder_ip/altera_avalon_pio -- C:/altera/13.0sp1/quartus/../ip/altera/sopc_builder_ip/altera_avalon_pio/generate_rtl.pl --name=nios_pio_0 --dir=C:/Users/VCTORC~1/AppData/Local/Temp/alt8066_4960684206036246003.dir/0010_pio_0_gen/ --quartus_dir=C:/altera/13.0sp1/quartus --verilog --config=C:/Users/VCTORC~1/AppData/Local/Temp/alt8066_4960684206036246003.dir/0010_pio_0_gen//nios_pio_0_component_configuration.pl  --do_build_sim=0  ]
Info: pio_0: Done RTL generation for module 'nios_pio_0'
Info: pio_0: "nios" instantiated altera_avalon_pio "pio_0"
Info: pio_1: Starting RTL generation for module 'nios_pio_1'
Info: pio_1:   Generation command is [exec C:/altera/13.0sp1/quartus/bin/perl/bin/perl.exe -I C:/altera/13.0sp1/quartus/common/ip/altera/common/perl/5.8.3 -I C:/altera/13.0sp1/quartus/sopc_builder/bin/europa -I C:/altera/13.0sp1/quartus/sopc_builder/bin/perl_lib -I C:/altera/13.0sp1/quartus/sopc_builder/bin -I C:/altera/13.0sp1/quartus/../ip/altera/sopc_builder_ip/common -I C:/altera/13.0sp1/quartus/../ip/altera/sopc_builder_ip/altera_avalon_pio -- C:/altera/13.0sp1/quartus/../ip/altera/sopc_builder_ip/altera_avalon_pio/generate_rtl.pl --name=nios_pio_1 --dir=C:/Users/VCTORC~1/AppData/Local/Temp/alt8066_4960684206036246003.dir/0011_pio_1_gen/ --quartus_dir=C:/altera/13.0sp1/quartus --verilog --config=C:/Users/VCTORC~1/AppData/Local/Temp/alt8066_4960684206036246003.dir/0011_pio_1_gen//nios_pio_1_component_configuration.pl  --do_build_sim=0  ]
Info: pio_1: Done RTL generation for module 'nios_pio_1'
Info: pio_1: "nios" instantiated altera_avalon_pio "pio_1"
Info: jtag_uart_0: Starting RTL generation for module 'nios_jtag_uart_0'
Info: jtag_uart_0:   Generation command is [exec C:/altera/13.0sp1/quartus/bin/perl/bin/perl.exe -I C:/altera/13.0sp1/quartus/common/ip/altera/common/perl/5.8.3 -I C:/altera/13.0sp1/quartus/sopc_builder/bin/europa -I C:/altera/13.0sp1/quartus/sopc_builder/bin/perl_lib -I C:/altera/13.0sp1/quartus/sopc_builder/bin -I C:/altera/13.0sp1/quartus/../ip/altera/sopc_builder_ip/common -I C:/altera/13.0sp1/quartus/../ip/altera/sopc_builder_ip/altera_avalon_jtag_uart -- C:/altera/13.0sp1/quartus/../ip/altera/sopc_builder_ip/altera_avalon_jtag_uart/generate_rtl.pl --name=nios_jtag_uart_0 --dir=C:/Users/VCTORC~1/AppData/Local/Temp/alt8066_4960684206036246003.dir/0012_jtag_uart_0_gen/ --quartus_dir=C:/altera/13.0sp1/quartus --verilog --config=C:/Users/VCTORC~1/AppData/Local/Temp/alt8066_4960684206036246003.dir/0012_jtag_uart_0_gen//nios_jtag_uart_0_component_configuration.pl  --do_build_sim=0  ]
Info: jtag_uart_0: Done RTL generation for module 'nios_jtag_uart_0'
Info: jtag_uart_0: "nios" instantiated altera_avalon_jtag_uart "jtag_uart_0"
Info: LCD2_0: "nios" instantiated LCD2 "LCD2_0"
Info: nios2_qsys_0_custom_instruction_master_translator: "nios" instantiated altera_customins_master_translator "nios2_qsys_0_custom_instruction_master_translator"
Info: nios2_qsys_0_custom_instruction_master_multi_xconnect: "nios" instantiated altera_customins_xconnect "nios2_qsys_0_custom_instruction_master_multi_xconnect"
Info: nios2_qsys_0_custom_instruction_master_multi_slave_translator0: "nios" instantiated altera_customins_slave_translator "nios2_qsys_0_custom_instruction_master_multi_slave_translator0"
Info: nios2_qsys_0_instruction_master_translator: "nios" instantiated altera_merlin_master_translator "nios2_qsys_0_instruction_master_translator"
Info: nios2_qsys_0_jtag_debug_module_translator: "nios" instantiated altera_merlin_slave_translator "nios2_qsys_0_jtag_debug_module_translator"
Info: nios2_qsys_0_instruction_master_translator_avalon_universal_master_0_agent: "nios" instantiated altera_merlin_master_agent "nios2_qsys_0_instruction_master_translator_avalon_universal_master_0_agent"
Info: nios2_qsys_0_jtag_debug_module_translator_avalon_universal_slave_0_agent: "nios" instantiated altera_merlin_slave_agent "nios2_qsys_0_jtag_debug_module_translator_avalon_universal_slave_0_agent"
Info: nios2_qsys_0_jtag_debug_module_translator_avalon_universal_slave_0_agent_rsp_fifo: "nios" instantiated altera_avalon_sc_fifo "nios2_qsys_0_jtag_debug_module_translator_avalon_universal_slave_0_agent_rsp_fifo"
Info: addr_router: "nios" instantiated altera_merlin_router "addr_router"
Info: id_router: "nios" instantiated altera_merlin_router "id_router"
Info: limiter: "nios" instantiated altera_merlin_traffic_limiter "limiter"
Info: rst_controller: "nios" instantiated altera_reset_controller "rst_controller"
Info: cmd_xbar_demux: "nios" instantiated altera_merlin_demultiplexer "cmd_xbar_demux"
Info: cmd_xbar_mux: "nios" instantiated altera_merlin_multiplexer "cmd_xbar_mux"
Info: rsp_xbar_demux: "nios" instantiated altera_merlin_demultiplexer "rsp_xbar_demux"
Info: rsp_xbar_mux: "nios" instantiated altera_merlin_multiplexer "rsp_xbar_mux"
Info: Reusing file C:/Users/VíctorCésar/PBLSD1/nios/synthesis/submodules/altera_merlin_arbitrator.sv
Info: irq_mapper: "nios" instantiated altera_irq_mapper "irq_mapper"
Info: nios: Done nios" with 24 modules, 93 files, 1853039 bytes
Info: ip-generate succeeded.
Info: Finished: Create HDL design files for synthesis
