Flow report for SD
Tue Jun 25 15:56:55 2019
Quartus II 64-Bit Version 13.0.1 Build 232 06/12/2013 Service Pack 1 SJ Web Edition


---------------------
; Table of Contents ;
---------------------
  1. Legal Notice
  2. Flow Summary
  3. Flow Settings
  4. Flow Non-Default Global Settings
  5. Flow Elapsed Time
  6. Flow OS Summary
  7. Flow Log
  8. Flow Messages
  9. Flow Suppressed Messages



----------------
; Legal Notice ;
----------------
Copyright (C) 1991-2013 Altera Corporation
Your use of Altera Corporation's design tools, logic functions 
and other software and tools, and its AMPP partner logic 
functions, and any output files from any of the foregoing 
(including device programming or simulation files), and any 
associated documentation or information are expressly subject 
to the terms and conditions of the Altera Program License 
Subscription Agreement, Altera MegaCore Function License 
Agreement, or other applicable license agreement, including, 
without limitation, that your use is for the sole purpose of 
programming logic devices manufactured by Altera and sold by 
Altera or its authorized distributors.  Please refer to the 
applicable agreement for further details.



+--------------------------------------------------------------------------------------+
; Flow Summary                                                                         ;
+------------------------------------+-------------------------------------------------+
; Flow Status                        ; Successful - Tue Jun 25 15:56:45 2019           ;
; Quartus II 64-Bit Version          ; 13.0.1 Build 232 06/12/2013 SP 1 SJ Web Edition ;
; Revision Name                      ; SD                                              ;
; Top-level Entity Name              ; nios                                            ;
; Family                             ; Cyclone IV E                                    ;
; Device                             ; EP4CE30F23C7                                    ;
; Timing Models                      ; Final                                           ;
; Total logic elements               ; 3,443 / 28,848 ( 12 % )                         ;
;     Total combinational functions  ; 3,083 / 28,848 ( 11 % )                         ;
;     Dedicated logic registers      ; 2,103 / 28,848 ( 7 % )                          ;
; Total registers                    ; 2103                                            ;
; Total pins                         ; 23 / 329 ( 7 % )                                ;
; Total virtual pins                 ; 0                                               ;
; Total memory bits                  ; 95,552 / 608,256 ( 16 % )                       ;
; Embedded Multiplier 9-bit elements ; 4 / 132 ( 3 % )                                 ;
; Total PLLs                         ; 0 / 4 ( 0 % )                                   ;
+------------------------------------+-------------------------------------------------+


+-----------------------------------------+
; Flow Settings                           ;
+-------------------+---------------------+
; Option            ; Setting             ;
+-------------------+---------------------+
; Start date & time ; 06/25/2019 15:55:27 ;
; Main task         ; Compilation         ;
; Revision Name     ; SD                  ;
+-------------------+---------------------+


+----------------------------------------------------------------------------------------------------------------------------------------------------------------------------------------+
; Flow Non-Default Global Settings                                                                                                                                                       ;
+-------------------------------------+--------------------------------------------------------+---------------+------------------------------------------------------------+------------+
; Assignment Name                     ; Value                                                  ; Default Value ; Entity Name                                                ; Section Id ;
+-------------------------------------+--------------------------------------------------------+---------------+------------------------------------------------------------+------------+
; COMPILER_SIGNATURE_ID               ; 167690713843518.156148892706240                        ; --            ; --                                                         ; --         ;
; IP_TOOL_ENV                         ; Qsys                                                   ; --            ; altera_avalon_sc_fifo                                      ; --         ;
; IP_TOOL_ENV                         ; Qsys                                                   ; --            ; altera_customins_master_translator                         ; --         ;
; IP_TOOL_ENV                         ; Qsys                                                   ; --            ; altera_customins_slave_translator                          ; --         ;
; IP_TOOL_ENV                         ; Qsys                                                   ; --            ; altera_merlin_master_agent                                 ; --         ;
; IP_TOOL_ENV                         ; Qsys                                                   ; --            ; altera_merlin_master_translator                            ; --         ;
; IP_TOOL_ENV                         ; Qsys                                                   ; --            ; altera_merlin_slave_agent                                  ; --         ;
; IP_TOOL_ENV                         ; Qsys                                                   ; --            ; altera_merlin_slave_translator                             ; --         ;
; IP_TOOL_ENV                         ; Qsys                                                   ; --            ; altera_merlin_traffic_limiter                              ; --         ;
; IP_TOOL_ENV                         ; Qsys                                                   ; --            ; altera_reset_controller                                    ; --         ;
; IP_TOOL_ENV                         ; Qsys                                                   ; --            ; nios                                                       ; --         ;
; IP_TOOL_ENV                         ; Qsys                                                   ; --            ; nios_addr_router                                           ; --         ;
; IP_TOOL_ENV                         ; Qsys                                                   ; --            ; nios_cmd_xbar_demux                                        ; --         ;
; IP_TOOL_ENV                         ; Qsys                                                   ; --            ; nios_cmd_xbar_mux                                          ; --         ;
; IP_TOOL_ENV                         ; Qsys                                                   ; --            ; nios_id_router                                             ; --         ;
; IP_TOOL_ENV                         ; Qsys                                                   ; --            ; nios_irq_mapper                                            ; --         ;
; IP_TOOL_ENV                         ; Qsys                                                   ; --            ; nios_jtag_uart_0                                           ; --         ;
; IP_TOOL_ENV                         ; Qsys                                                   ; --            ; nios_nios2_qsys_0                                          ; --         ;
; IP_TOOL_ENV                         ; Qsys                                                   ; --            ; nios_nios2_qsys_0_custom_instruction_master_multi_xconnect ; --         ;
; IP_TOOL_ENV                         ; Qsys                                                   ; --            ; nios_onchip_memory2_0                                      ; --         ;
; IP_TOOL_ENV                         ; Qsys                                                   ; --            ; nios_pio_0                                                 ; --         ;
; IP_TOOL_ENV                         ; Qsys                                                   ; --            ; nios_pio_1                                                 ; --         ;
; IP_TOOL_ENV                         ; Qsys                                                   ; --            ; nios_pio_2                                                 ; --         ;
; IP_TOOL_ENV                         ; Qsys                                                   ; --            ; nios_rsp_xbar_demux                                        ; --         ;
; IP_TOOL_ENV                         ; Qsys                                                   ; --            ; nios_rsp_xbar_mux                                          ; --         ;
; IP_TOOL_NAME                        ; altera_avalon_sc_fifo                                  ; --            ; altera_avalon_sc_fifo                                      ; --         ;
; IP_TOOL_NAME                        ; altera_customins_master_translator                     ; --            ; altera_customins_master_translator                         ; --         ;
; IP_TOOL_NAME                        ; altera_customins_slave_translator                      ; --            ; altera_customins_slave_translator                          ; --         ;
; IP_TOOL_NAME                        ; altera_merlin_master_agent                             ; --            ; altera_merlin_master_agent                                 ; --         ;
; IP_TOOL_NAME                        ; altera_merlin_master_translator                        ; --            ; altera_merlin_master_translator                            ; --         ;
; IP_TOOL_NAME                        ; altera_merlin_slave_agent                              ; --            ; altera_merlin_slave_agent                                  ; --         ;
; IP_TOOL_NAME                        ; altera_merlin_slave_translator                         ; --            ; altera_merlin_slave_translator                             ; --         ;
; IP_TOOL_NAME                        ; altera_merlin_traffic_limiter                          ; --            ; altera_merlin_traffic_limiter                              ; --         ;
; IP_TOOL_NAME                        ; altera_reset_controller                                ; --            ; altera_reset_controller                                    ; --         ;
; IP_TOOL_NAME                        ; Qsys                                                   ; --            ; nios                                                       ; --         ;
; IP_TOOL_NAME                        ; altera_merlin_router                                   ; --            ; nios_addr_router                                           ; --         ;
; IP_TOOL_NAME                        ; altera_merlin_demultiplexer                            ; --            ; nios_cmd_xbar_demux                                        ; --         ;
; IP_TOOL_NAME                        ; altera_merlin_multiplexer                              ; --            ; nios_cmd_xbar_mux                                          ; --         ;
; IP_TOOL_NAME                        ; altera_merlin_router                                   ; --            ; nios_id_router                                             ; --         ;
; IP_TOOL_NAME                        ; altera_irq_mapper                                      ; --            ; nios_irq_mapper                                            ; --         ;
; IP_TOOL_NAME                        ; altera_avalon_jtag_uart                                ; --            ; nios_jtag_uart_0                                           ; --         ;
; IP_TOOL_NAME                        ; altera_nios2_qsys                                      ; --            ; nios_nios2_qsys_0                                          ; --         ;
; IP_TOOL_NAME                        ; altera_customins_xconnect                              ; --            ; nios_nios2_qsys_0_custom_instruction_master_multi_xconnect ; --         ;
; IP_TOOL_NAME                        ; altera_avalon_onchip_memory2                           ; --            ; nios_onchip_memory2_0                                      ; --         ;
; IP_TOOL_NAME                        ; altera_avalon_pio                                      ; --            ; nios_pio_0                                                 ; --         ;
; IP_TOOL_NAME                        ; altera_avalon_pio                                      ; --            ; nios_pio_1                                                 ; --         ;
; IP_TOOL_NAME                        ; altera_avalon_pio                                      ; --            ; nios_pio_2                                                 ; --         ;
; IP_TOOL_NAME                        ; altera_merlin_demultiplexer                            ; --            ; nios_rsp_xbar_demux                                        ; --         ;
; IP_TOOL_NAME                        ; altera_merlin_multiplexer                              ; --            ; nios_rsp_xbar_mux                                          ; --         ;
; IP_TOOL_VERSION                     ; 13.0                                                   ; --            ; altera_avalon_sc_fifo                                      ; --         ;
; IP_TOOL_VERSION                     ; 13.0                                                   ; --            ; altera_customins_master_translator                         ; --         ;
; IP_TOOL_VERSION                     ; 13.0                                                   ; --            ; altera_customins_slave_translator                          ; --         ;
; IP_TOOL_VERSION                     ; 13.0                                                   ; --            ; altera_merlin_master_agent                                 ; --         ;
; IP_TOOL_VERSION                     ; 13.0                                                   ; --            ; altera_merlin_master_translator                            ; --         ;
; IP_TOOL_VERSION                     ; 13.0                                                   ; --            ; altera_merlin_slave_agent                                  ; --         ;
; IP_TOOL_VERSION                     ; 13.0                                                   ; --            ; altera_merlin_slave_translator                             ; --         ;
; IP_TOOL_VERSION                     ; 13.0                                                   ; --            ; altera_merlin_traffic_limiter                              ; --         ;
; IP_TOOL_VERSION                     ; 13.0                                                   ; --            ; altera_reset_controller                                    ; --         ;
; IP_TOOL_VERSION                     ; 13.0sp1                                                ; --            ; nios                                                       ; --         ;
; IP_TOOL_VERSION                     ; 13.0                                                   ; --            ; nios_addr_router                                           ; --         ;
; IP_TOOL_VERSION                     ; 13.0                                                   ; --            ; nios_cmd_xbar_demux                                        ; --         ;
; IP_TOOL_VERSION                     ; 13.0                                                   ; --            ; nios_cmd_xbar_mux                                          ; --         ;
; IP_TOOL_VERSION                     ; 13.0                                                   ; --            ; nios_id_router                                             ; --         ;
; IP_TOOL_VERSION                     ; 13.0                                                   ; --            ; nios_irq_mapper                                            ; --         ;
; IP_TOOL_VERSION                     ; 13.0.1.99.2                                            ; --            ; nios_jtag_uart_0                                           ; --         ;
; IP_TOOL_VERSION                     ; 13.0                                                   ; --            ; nios_nios2_qsys_0                                          ; --         ;
; IP_TOOL_VERSION                     ; 13.0                                                   ; --            ; nios_nios2_qsys_0_custom_instruction_master_multi_xconnect ; --         ;
; IP_TOOL_VERSION                     ; 13.0.1.99.2                                            ; --            ; nios_onchip_memory2_0                                      ; --         ;
; IP_TOOL_VERSION                     ; 13.0.1.99.2                                            ; --            ; nios_pio_0                                                 ; --         ;
; IP_TOOL_VERSION                     ; 13.0.1.99.2                                            ; --            ; nios_pio_1                                                 ; --         ;
; IP_TOOL_VERSION                     ; 13.0.1.99.2                                            ; --            ; nios_pio_2                                                 ; --         ;
; IP_TOOL_VERSION                     ; 13.0                                                   ; --            ; nios_rsp_xbar_demux                                        ; --         ;
; IP_TOOL_VERSION                     ; 13.0                                                   ; --            ; nios_rsp_xbar_mux                                          ; --         ;
; MAX_CORE_JUNCTION_TEMP              ; 85                                                     ; --            ; --                                                         ; --         ;
; MIN_CORE_JUNCTION_TEMP              ; 0                                                      ; --            ; --                                                         ; --         ;
; MISC_FILE                           ; nios/synthesis/../../nios.cmp                          ; --            ; --                                                         ; --         ;
; MISC_FILE                           ; nios/synthesis/../../nios.qsys                         ; --            ; --                                                         ; --         ;
; NOMINAL_CORE_SUPPLY_VOLTAGE         ; 1.2V                                                   ; --            ; --                                                         ; --         ;
; PARTITION_COLOR                     ; 16764057                                               ; --            ; nios                                                       ; Top        ;
; PARTITION_FITTER_PRESERVATION_LEVEL ; PLACEMENT_AND_ROUTING                                  ; --            ; nios                                                       ; Top        ;
; PARTITION_NETLIST_TYPE              ; SOURCE                                                 ; --            ; nios                                                       ; Top        ;
; POWER_BOARD_THERMAL_MODEL           ; None (CONSERVATIVE)                                    ; --            ; --                                                         ; --         ;
; POWER_PRESET_COOLING_SOLUTION       ; 23 MM HEAT SINK WITH 200 LFPM AIRFLOW                  ; --            ; --                                                         ; --         ;
; PROJECT_OUTPUT_DIRECTORY            ; output_files                                           ; --            ; --                                                         ; --         ;
; SLD_INFO                            ; QSYS_NAME nios HAS_SOPCINFO 1 GENERATION_ID 1561488892 ; --            ; nios                                                       ; --         ;
; SOPCINFO_FILE                       ; nios/synthesis/../../nios.sopcinfo                     ; --            ; --                                                         ; --         ;
; SYNTHESIS_ONLY_QIP                  ; On                                                     ; --            ; --                                                         ; --         ;
; TOP_LEVEL_ENTITY                    ; nios                                                   ; SD            ; --                                                         ; --         ;
+-------------------------------------+--------------------------------------------------------+---------------+------------------------------------------------------------+------------+


+-------------------------------------------------------------------------------------------------------------------------------+
; Flow Elapsed Time                                                                                                             ;
+---------------------------+--------------+-------------------------+---------------------+------------------------------------+
; Module Name               ; Elapsed Time ; Average Processors Used ; Peak Virtual Memory ; Total CPU Time (on all processors) ;
+---------------------------+--------------+-------------------------+---------------------+------------------------------------+
; Analysis & Synthesis      ; 00:00:34     ; 1.0                     ; 4783 MB             ; 00:00:31                           ;
; Fitter                    ; 00:00:32     ; 1.0                     ; 5034 MB             ; 00:00:30                           ;
; Assembler                 ; 00:00:04     ; 1.0                     ; 4581 MB             ; 00:00:04                           ;
; TimeQuest Timing Analyzer ; 00:00:09     ; 1.0                     ; 4693 MB             ; 00:00:07                           ;
; Total                     ; 00:01:19     ; --                      ; --                  ; 00:01:12                           ;
+---------------------------+--------------+-------------------------+---------------------+------------------------------------+


+----------------------------------------------------------------------------------------+
; Flow OS Summary                                                                        ;
+---------------------------+------------------+-----------+------------+----------------+
; Module Name               ; Machine Hostname ; OS Name   ; OS Version ; Processor type ;
+---------------------------+------------------+-----------+------------+----------------+
; Analysis & Synthesis      ; Victor           ; Windows 7 ; 6.2        ; x86_64         ;
; Fitter                    ; Victor           ; Windows 7 ; 6.2        ; x86_64         ;
; Assembler                 ; Victor           ; Windows 7 ; 6.2        ; x86_64         ;
; TimeQuest Timing Analyzer ; Victor           ; Windows 7 ; 6.2        ; x86_64         ;
+---------------------------+------------------+-----------+------------+----------------+


------------
; Flow Log ;
------------
quartus_map --read_settings_files=on --write_settings_files=off SD -c SD
quartus_fit --read_settings_files=off --write_settings_files=off SD -c SD
quartus_asm --read_settings_files=off --write_settings_files=off SD -c SD
quartus_sta SD -c SD



